<?xml version="1.0" encoding="UTF-8"?>
<beans xmlns="http://www.springframework.org/schema/beans"
	xmlns:xsi="http://www.w3.org/2001/XMLSchema-instance"
	xmlns:context="http://www.springframework.org/schema/context"
	xmlns:p="http://www.springframework.org/schema/p"
	xsi:schemaLocation="http://www.springframework.org/schema/beans http://www.springframework.org/schema/beans/spring-beans-3.0.xsd
		http://www.springframework.org/schema/context http://www.springframework.org/schema/context/spring-context-3.0.xsd">

<!-- <bean id="connectionMaker" class="springbook.user.dao.DConnectionMaker"></bean>-->
<bean id="dataSource" class="org.springframework.jdbc.datasource.SimpleDriverDataSource">
<property name="driverClass" value="com.mysql.jdbc.Driver"></property>
<property name="url" value="jdbc:mysql://localhost/springbook"></property>
<property name="username" value="spring"></property>
<property name="password" value="book"></property>
</bean>

<!-- <bean id="userService" class="springbook.user.service.UserServiceTx">
	<property name="userService" ref="userServiceImpl"></property>
	<property name="transactionManager" ref="transactionManager"></property>
</bean> -->

<bean id="userService" class="org.springframework.aop.framework.ProxyFactoryBean">
	<property name="target" ref="userServiceImpl"></property>
	<property name="interceptorNames">
		<list>
			<value>transactionAdvisor</value>
		</list>
	</property>
	<!-- 
	<property name="transactionManager" ref="transactionManager"></property>
	<property name="pattern" value="upgradeLevels"></property>
	<property name="serviceInterface" value="springbook.user.service.UserService"></property>
	-->
</bean>

<bean id="userServiceImpl" class="springbook.user.service.UserServiceImpl">
	<property name="userDao" ref="userDao"></property>
	<property name="mailSender" ref="mailSender"></property>
</bean>

<bean id="transactionManager" class="org.springframework.jdbc.datasource.DataSourceTransactionManager">
	<property name="dataSource" ref="dataSource"></property>
</bean>

<bean id="userDao" class="springbook.user.dao.UserDaoJdbc">
	<property name="dataSource" ref="dataSource"></property>
</bean>

<bean id="mailSender" class="springbook.user.service.DumyMailSender">

</bean>

<bean id="transactionAdvisor" class="org.springframework.aop.support.DefaultPointcutAdvisor">
<property name="advice" ref="transactionAdvice"></property>
<property name="pointcut" ref="transactionPointcut"></property>
</bean>

<bean id="transactionAdvice" class="springbook.user.service.TransactionAdvice">
<property name="transactionManager" ref="transactionManager"></property>
</bean>

<bean id="transactionPointcut" class="org.springframework.aop.support.NameMatchMethodPointcut">
<property name="mappedName" value="upgrade*"></property>
</bean>
</beans>
