<?xml version="1.0" encoding="UTF-8"?>
<beans xmlns="http://www.springframework.org/schema/beans"
	xmlns:xsi="http://www.w3.org/2001/XMLSchema-instance"
	xmlns:context="http://www.springframework.org/schema/context"
	xmlns:p="http://www.springframework.org/schema/p"
	xmlns:aop="http://www.springframework.org/schema/aop"
	xmlns:tx="http://www.springframework.org/schema/tx"
	xsi:schemaLocation="http://www.springframework.org/schema/beans http://www.springframework.org/schema/beans/spring-beans-3.0.xsd
		http://www.springframework.org/schema/context http://www.springframework.org/schema/context/spring-context-3.0.xsd
		http://www.springframework.org/schema/aop http://www.springframework.org/schema/aop/spring-aop-3.0.xsd
		http://www.springframework.org/schema/tx http://www.springframework.org/schema/tx/spring-tx-2.5.xsd">

<bean class="org.springframework.aop.framework.autoproxy.DefaultAdvisorAutoProxyCreator"></bean>


<!-- <bean id="connectionMaker" class="springbook.user.dao.DConnectionMaker"></bean>-->
<bean id="dataSource" class="org.springframework.jdbc.datasource.SimpleDriverDataSource">
<property name="driverClass" value="com.mysql.jdbc.Driver"></property>
<property name="url" value="jdbc:mysql://localhost/springbook"></property>
<property name="username" value="spring"></property>
<property name="password" value="book"></property>
</bean>

<bean id="userService" class="springbook.user.service.UserServiceImpl">
	<property name="userDao" ref="userDao"></property>
	<property name="mailSender" ref="mailSender"></property>
</bean>

<bean id="transactionManager" class="org.springframework.jdbc.datasource.DataSourceTransactionManager">
	<property name="dataSource" ref="dataSource"></property>
</bean>

<bean id="userDao" class="springbook.user.dao.UserDaoJdbc">
	<property name="dataSource" ref="dataSource"></property>
	<property name="sqlService" ref="sqlService"></property>
</bean>

<bean id="sqlService" class="springbook.user.sqlservice.XmlSqlService">
	<property name="sqlmapFile" value="sqlmap.xml"></property>
</bean>
<bean id="mailSender" class="springbook.user.service.DumyMailSender">

</bean>
<tx:annotation-driven />
<!-- <tx:advice>
	<tx:attributes>
		<tx:method name="get*" read-only="true"/>
		<tx:method name="*" />
	</tx:attributes>
</tx:advice>

<aop:config>
	<aop:advisor advice-ref="transactionAdvice" pointcut="bean(*Service)"/>
</aop:config>
-->
<context:annotation-config></context:annotation-config>
<bean id="testUserService" class="springbook.user.service.UserServiceTest$TestUserServiceImpl" parent="userService"></bean>

</beans>
